<?xml version="1.0" encoding="UTF-8"?>
<!-- Generated by org.testng.reporters.JUnitReportReporter -->
<testsuite hostname="DESKTOP-B5ASV1L" failures="0" tests="3" name="testcase.MobileTest" time="157.789" errors="0" timestamp="04 Dec 2020 06:18:54 GMT" skipped="0">
  <testcase classname="testcase.MobileTest" name="TC_01" time="46.224"/>
  <testcase classname="testcase.MobileTest" name="TC_02" time="38.363"/>
  <testcase classname="testcase.MobileTest" name="TC_03" time="73.202"/>
</testsuite> <!-- testcase.MobileTest -->
