<?xml version="1.0" encoding="UTF-8"?>
<!-- Generated by org.testng.reporters.JUnitReportReporter -->
<testsuite hostname="DESKTOP-B5ASV1L" failures="0" tests="1" name="testcase.CallTest" time="3.049" errors="0" timestamp="04 Dec 2020 02:44:36 GMT" skipped="0">
  <testcase classname="testcase.CallTest" name="test3" time="3.049"/>
</testsuite> <!-- testcase.CallTest -->
